<?xml version="1.0" encoding="UTF-8"?>
<!-- Generated by org.testng.reporters.JUnitReportReporter -->
<testsuite hostname="DESKTOP-E57KD5O" failures="0" tests="1" name="com.Ecommerce.test.RegisterTest" time="11.034" errors="0" timestamp="2023-12-18T13:11:12 IST" skipped="0">
  <testcase classname="com.Ecommerce.test.RegisterTest" name="Validlogin" time="11.034"/>
  <system-out/>
</testsuite> <!-- com.Ecommerce.test.RegisterTest -->
