<?xml version="1.0" encoding="UTF-8"?>
<!-- Generated by org.testng.reporters.JUnitReportReporter -->
<testsuite hostname="DESKTOP-E57KD5O" failures="0" tests="1" name="com.Ecommerce.test.AddToCartAndDelete" time="3.424" errors="0" timestamp="2023-12-16T14:14:11 IST" skipped="0">
  <testcase classname="com.Ecommerce.test.AddToCartAndDelete" name="DeleteCart" time="3.424"/>
  <system-out>
    <![CDATA[Delete Product]]>
  </system-out>
</testsuite> <!-- com.Ecommerce.test.AddToCartAndDelete -->
